<?xml version="1.0" encoding="UTF-8"?>
<testng-results ignored="0" total="1" passed="1" failed="0" skipped="0">
  <reporter-output>
  </reporter-output>
  <suite started-at="2025-02-25T12:40:49 IST" name="Suite" finished-at="2025-02-25T12:40:55 IST" duration-ms="5212">
    <groups>
    </groups>
    <test started-at="2025-02-25T12:40:49 IST" name="Test" finished-at="2025-02-25T12:40:55 IST" duration-ms="5212">
      <class name="thirtyJavaSelenium.AHeadLesstesting_d34">
        <test-method signature="doheadlesstesting()[pri:0, instance:thirtyJavaSelenium.AHeadLesstesting_d34@1189dd52]" started-at="2025-02-25T12:40:49 IST" name="doheadlesstesting" finished-at="2025-02-25T12:40:55 IST" duration-ms="5160" status="PASS">
          <reporter-output>
          </reporter-output>
        </test-method> <!-- doheadlesstesting -->
      </class> <!-- thirtyJavaSelenium.AHeadLesstesting_d34 -->
    </test> <!-- Test -->
  </suite> <!-- Suite -->
</testng-results>
