<?xml version="1.0" encoding="UTF-8"?>
<testng-results ignored="0" total="1" passed="1" failed="0" skipped="0">
  <reporter-output>
  </reporter-output>
  <suite started-at="2025-03-26T13:06:21 IST" name="Suite" finished-at="2025-03-26T13:06:34 IST" duration-ms="13312">
    <groups>
    </groups>
    <test started-at="2025-03-26T13:06:21 IST" name="Test" finished-at="2025-03-26T13:06:34 IST" duration-ms="13312">
      <class name="thirtyJavaSelenium.AHeadLesstesting_d34">
        <test-method signature="doheadlesstesting()[pri:0, instance:thirtyJavaSelenium.AHeadLesstesting_d34@34123d65]" started-at="2025-03-26T13:06:21 IST" name="doheadlesstesting" finished-at="2025-03-26T13:06:34 IST" duration-ms="13244" status="PASS">
          <reporter-output>
          </reporter-output>
        </test-method> <!-- doheadlesstesting -->
      </class> <!-- thirtyJavaSelenium.AHeadLesstesting_d34 -->
    </test> <!-- Test -->
  </suite> <!-- Suite -->
</testng-results>
