<?xml version="1.0" encoding="UTF-8"?>
<testng-results ignored="0" total="1" passed="1" failed="0" skipped="0">
  <reporter-output>
  </reporter-output>
  <suite started-at="2025-03-11T16:49:32 IST" name="Default suite" finished-at="2025-03-11T16:49:43 IST" duration-ms="10611">
    <groups>
    </groups>
    <test started-at="2025-03-11T16:49:32 IST" name="Default test" finished-at="2025-03-11T16:49:43 IST" duration-ms="10611">
      <class name="thirtyJavaSelenium.AHeadLesstesting_d34">
        <test-method signature="doheadlesstesting()[pri:0, instance:thirtyJavaSelenium.AHeadLesstesting_d34@222545dc]" started-at="2025-03-11T16:49:33 IST" name="doheadlesstesting" finished-at="2025-03-11T16:49:43 IST" duration-ms="10538" status="PASS">
          <reporter-output>
          </reporter-output>
        </test-method> <!-- doheadlesstesting -->
      </class> <!-- thirtyJavaSelenium.AHeadLesstesting_d34 -->
    </test> <!-- Default test -->
  </suite> <!-- Default suite -->
</testng-results>
